<?xml version="1.0" encoding="UTF-8"?>
<testng-results ignored="0" total="1" passed="1" failed="0" skipped="0">
  <reporter-output>
  </reporter-output>
  <suite started-at="2018-08-05T18:36:59Z" name="Default suite" finished-at="2018-08-05T18:37:12Z" duration-ms="13039">
    <groups>
    </groups>
    <test started-at="2018-08-05T18:36:59Z" name="Default test" finished-at="2018-08-05T18:37:12Z" duration-ms="13039">
      <class name="com.ww.question2.AccessElementsOnSite">
        <test-method signature="accessWebElements()[pri:0, instance:com.ww.question2.AccessElementsOnSite@75db5df9]" started-at="2018-08-05T18:36:59Z" name="accessWebElements" finished-at="2018-08-05T18:37:12Z" duration-ms="13015" status="PASS">
          <reporter-output>
          </reporter-output>
        </test-method> <!-- accessWebElements -->
      </class> <!-- com.ww.question2.AccessElementsOnSite -->
    </test> <!-- Default test -->
  </suite> <!-- Default suite -->
</testng-results>
